  0%|          | 0/88 [00:00<?, ?it/s]  1%|          | 1/88 [00:06<09:38,  6.65s/it]  2%|▏         | 2/88 [00:12<09:10,  6.41s/it]  3%|▎         | 3/88 [00:19<09:23,  6.63s/it]  5%|▍         | 4/88 [00:27<09:36,  6.87s/it]  6%|▌         | 5/88 [00:30<08:01,  5.80s/it]  7%|▋         | 6/88 [00:37<08:23,  6.14s/it]  8%|▊         | 7/88 [00:44<08:29,  6.29s/it]  9%|▉         | 8/88 [00:50<08:14,  6.18s/it] 10%|█         | 9/88 [00:56<08:00,  6.08s/it] 11%|█▏        | 10/88 [01:03<08:16,  6.36s/it] 12%|█▎        | 11/88 [01:10<08:38,  6.73s/it] 14%|█▎        | 12/88 [01:16<08:08,  6.43s/it] 15%|█▍        | 13/88 [01:22<07:48,  6.25s/it] 16%|█▌        | 14/88 [01:29<08:03,  6.54s/it] 17%|█▋        | 15/88 [01:36<08:13,  6.75s/it] 18%|█▊        | 16/88 [01:42<07:47,  6.50s/it] 19%|█▉        | 17/88 [01:45<06:27,  5.46s/it] 20%|██        | 18/88 [01:49<05:40,  4.87s/it] 22%|██▏       | 19/88 [01:55<06:16,  5.46s/it] 23%|██▎       | 20/88 [02:03<06:43,  5.94s/it] 24%|██▍       | 21/88 [02:09<06:46,  6.07s/it] 25%|██▌       | 22/88 [02:15<06:38,  6.04s/it] 26%|██▌       | 23/88 [02:22<06:46,  6.25s/it] 27%|██▋       | 24/88 [02:28<06:44,  6.32s/it] 28%|██▊       | 25/88 [02:31<05:37,  5.35s/it] 30%|██▉       | 26/88 [02:37<05:43,  5.54s/it] 31%|███       | 27/88 [02:43<05:46,  5.69s/it] 32%|███▏      | 28/88 [02:49<05:39,  5.66s/it] 33%|███▎      | 29/88 [02:54<05:29,  5.58s/it] 34%|███▍      | 30/88 [03:00<05:25,  5.61s/it] 35%|███▌      | 31/88 [03:05<05:16,  5.56s/it] 36%|███▋      | 32/88 [03:10<05:01,  5.38s/it] 38%|███▊      | 33/88 [03:15<04:50,  5.28s/it] 39%|███▊      | 34/88 [03:21<04:53,  5.44s/it] 40%|███▉      | 35/88 [03:27<04:52,  5.52s/it] 41%|████      | 36/88 [03:33<04:57,  5.73s/it] 42%|████▏     | 37/88 [03:38<04:43,  5.56s/it] 43%|████▎     | 38/88 [03:44<04:40,  5.60s/it] 44%|████▍     | 39/88 [03:50<04:46,  5.85s/it] 45%|████▌     | 40/88 [03:53<03:53,  4.86s/it] 47%|████▋     | 41/88 [03:58<03:49,  4.89s/it] 48%|████▊     | 42/88 [04:02<03:36,  4.70s/it] 49%|████▉     | 43/88 [04:08<03:41,  4.93s/it] 50%|█████     | 44/88 [04:13<03:43,  5.07s/it] 51%|█████     | 45/88 [04:19<03:43,  5.21s/it] 52%|█████▏    | 46/88 [04:24<03:40,  5.26s/it] 53%|█████▎    | 47/88 [04:29<03:36,  5.28s/it] 55%|█████▍    | 48/88 [04:35<03:31,  5.29s/it] 56%|█████▌    | 49/88 [04:36<02:44,  4.21s/it] 57%|█████▋    | 50/88 [04:41<02:48,  4.43s/it] 58%|█████▊    | 51/88 [04:44<02:23,  3.87s/it] 59%|█████▉    | 52/88 [04:48<02:27,  4.10s/it] 60%|██████    | 53/88 [04:53<02:26,  4.17s/it] 61%|██████▏   | 54/88 [04:57<02:22,  4.18s/it] 62%|██████▎   | 55/88 [05:01<02:18,  4.21s/it] 64%|██████▎   | 56/88 [05:05<02:09,  4.04s/it] 65%|██████▍   | 57/88 [05:07<01:45,  3.42s/it] 66%|██████▌   | 58/88 [05:11<01:46,  3.56s/it] 67%|██████▋   | 59/88 [05:13<01:29,  3.09s/it] 68%|██████▊   | 60/88 [05:17<01:38,  3.53s/it] 69%|██████▉   | 61/88 [05:22<01:44,  3.87s/it] 70%|███████   | 62/88 [05:27<01:51,  4.29s/it] 72%|███████▏  | 63/88 [05:30<01:36,  3.86s/it] 73%|███████▎  | 64/88 [05:35<01:40,  4.17s/it] 74%|███████▍  | 65/88 [05:40<01:44,  4.55s/it] 75%|███████▌  | 66/88 [05:46<01:45,  4.79s/it] 76%|███████▌  | 67/88 [05:51<01:44,  4.97s/it] 77%|███████▋  | 68/88 [05:57<01:42,  5.12s/it] 78%|███████▊  | 69/88 [06:02<01:41,  5.35s/it] 80%|███████▉  | 70/88 [06:08<01:37,  5.41s/it] 81%|████████  | 71/88 [06:14<01:35,  5.62s/it] 82%|████████▏ | 72/88 [06:20<01:31,  5.72s/it] 83%|████████▎ | 73/88 [06:26<01:27,  5.83s/it] 84%|████████▍ | 74/88 [06:32<01:20,  5.74s/it] 85%|████████▌ | 75/88 [06:37<01:14,  5.70s/it] 86%|████████▋ | 76/88 [06:43<01:09,  5.77s/it] 88%|████████▊ | 77/88 [06:49<01:02,  5.66s/it] 89%|████████▊ | 78/88 [06:55<00:58,  5.81s/it] 90%|████████▉ | 79/88 [07:00<00:51,  5.70s/it] 91%|█████████ | 80/88 [07:06<00:45,  5.71s/it] 92%|█████████▏| 81/88 [07:11<00:39,  5.60s/it] 93%|█████████▎| 82/88 [07:17<00:34,  5.68s/it] 94%|█████████▍| 83/88 [07:22<00:27,  5.56s/it] 95%|█████████▌| 84/88 [07:28<00:22,  5.60s/it] 97%|█████████▋| 85/88 [07:34<00:16,  5.61s/it] 98%|█████████▊| 86/88 [07:39<00:11,  5.55s/it] 99%|█████████▉| 87/88 [07:45<00:05,  5.65s/it]100%|██████████| 88/88 [07:51<00:00,  5.62s/it]100%|██████████| 88/88 [07:51<00:00,  5.35s/it]joblib.externals.loky.process_executor._RemoteTraceback: 
"""
Traceback (most recent call last):
  File "/scratch/students/j.delavande/PIE_2023/src/training/venv_training/lib/python3.8/site-packages/joblib/externals/loky/process_executor.py", line 463, in _process_worker
    r = call_item()
  File "/scratch/students/j.delavande/PIE_2023/src/training/venv_training/lib/python3.8/site-packages/joblib/externals/loky/process_executor.py", line 291, in __call__
    return self.fn(*self.args, **self.kwargs)
  File "/scratch/students/j.delavande/PIE_2023/src/training/venv_training/lib/python3.8/site-packages/joblib/parallel.py", line 589, in __call__
    return [func(*args, **kwargs)
  File "/scratch/students/j.delavande/PIE_2023/src/training/venv_training/lib/python3.8/site-packages/joblib/parallel.py", line 589, in <listcomp>
    return [func(*args, **kwargs)
  File "/scratch/students/j.delavande/PIE_2023/src/ml_eeg_tools/train/grid_search.py", line 204, in train_test_one_core
    with open(pipeline_dict["file_preprocessing_path"], "rb") as f:
FileNotFoundError: [Errno 2] No such file or directory: './data/processed//NODE_1/params_0.npy'
"""

The above exception was the direct cause of the following exception:

Traceback (most recent call last):
  File "script_grid_search.py", line 58, in <module>
    run_search_one_node(
  File "/scratch/students/j.delavande/PIE_2023/src/ml_eeg_tools/train/grid_search.py", line 520, in run_search_one_node
    results = Parallel(n_jobs=n_jobs)(
  File "/scratch/students/j.delavande/PIE_2023/src/training/venv_training/lib/python3.8/site-packages/joblib/parallel.py", line 1952, in __call__
    return output if self.return_generator else list(output)
  File "/scratch/students/j.delavande/PIE_2023/src/training/venv_training/lib/python3.8/site-packages/joblib/parallel.py", line 1595, in _get_outputs
    yield from self._retrieve()
  File "/scratch/students/j.delavande/PIE_2023/src/training/venv_training/lib/python3.8/site-packages/joblib/parallel.py", line 1699, in _retrieve
    self._raise_error_fast()
  File "/scratch/students/j.delavande/PIE_2023/src/training/venv_training/lib/python3.8/site-packages/joblib/parallel.py", line 1734, in _raise_error_fast
    error_job.get_result(self.timeout)
  File "/scratch/students/j.delavande/PIE_2023/src/training/venv_training/lib/python3.8/site-packages/joblib/parallel.py", line 736, in get_result
    return self._return_or_raise()
  File "/scratch/students/j.delavande/PIE_2023/src/training/venv_training/lib/python3.8/site-packages/joblib/parallel.py", line 754, in _return_or_raise
    raise self._result
FileNotFoundError: [Errno 2] No such file or directory: './data/processed//NODE_1/params_0.npy'
